14:44:06: Creating resource group General
14:44:06: Creating resource group Internal
14:44:06: Creating resource group Autodetect
14:44:06: SceneManagerFactory for type 'DefaultSceneManager' registered.
14:44:06: Registering ResourceManager for type Material
14:44:06: Registering ResourceManager for type Mesh
14:44:06: Registering ResourceManager for type Skeleton
14:44:06: MovableObjectFactory for type 'ParticleSystem' registered.
14:44:06: OverlayElementFactory for type Panel registered.
14:44:06: OverlayElementFactory for type BorderPanel registered.
14:44:06: OverlayElementFactory for type TextArea registered.
14:44:06: Registering ResourceManager for type Font
14:44:06: ArchiveFactory for archive type FileSystem registered.
14:44:06: ArchiveFactory for archive type Zip registered.
14:44:06: FreeImage version: 3.10.0
14:44:06: This program uses FreeImage, a free, open source image library supporting all common bitmap formats. See http://freeimage.sourceforge.net for details
14:44:06: Supported formats: bmp,ico,jpg,jif,jpeg,jpe,jng,koa,iff,lbm,mng,pbm,pbm,pcd,pcx,pgm,pgm,png,ppm,ppm,ras,tga,targa,tif,tiff,wap,wbmp,wbm,psd,cut,xbm,xpm,gif,hdr,g3,sgi,exr,j2k,j2c,jp2
14:44:06: DDS codec registering
14:44:06: Registering ResourceManager for type HighLevelGpuProgram
14:44:06: Registering ResourceManager for type Compositor
14:44:06: MovableObjectFactory for type 'Entity' registered.
14:44:06: MovableObjectFactory for type 'Light' registered.
14:44:06: MovableObjectFactory for type 'BillboardSet' registered.
14:44:06: MovableObjectFactory for type 'ManualObject' registered.
14:44:06: MovableObjectFactory for type 'BillboardChain' registered.
14:44:06: MovableObjectFactory for type 'RibbonTrail' registered.
14:44:06: Loading library .\RenderSystem_Direct3D9
14:44:06: Installing plugin: D3D9 RenderSystem
14:44:06: D3D9 : Direct3D9 Rendering Subsystem created.
14:44:06: D3D9: Driver Detection Starts
14:44:06: D3D9: Driver Detection Ends
14:44:06: Plugin successfully installed
14:44:06: Loading library .\RenderSystem_GL
14:44:06: Installing plugin: GL RenderSystem
14:44:06: OpenGL Rendering Subsystem created.
14:44:06: Plugin successfully installed
14:44:06: Loading library .\Plugin_ParticleFX
14:44:06: Installing plugin: ParticleFX
14:44:06: Particle Emitter Type 'Point' registered
14:44:06: Particle Emitter Type 'Box' registered
14:44:06: Particle Emitter Type 'Ellipsoid' registered
14:44:06: Particle Emitter Type 'Cylinder' registered
14:44:06: Particle Emitter Type 'Ring' registered
14:44:06: Particle Emitter Type 'HollowEllipsoid' registered
14:44:06: Particle Affector Type 'LinearForce' registered
14:44:06: Particle Affector Type 'ColourFader' registered
14:44:06: Particle Affector Type 'ColourFader2' registered
14:44:06: Particle Affector Type 'ColourImage' registered
14:44:06: Particle Affector Type 'ColourInterpolator' registered
14:44:06: Particle Affector Type 'Scaler' registered
14:44:06: Particle Affector Type 'Rotator' registered
14:44:06: Particle Affector Type 'DirectionRandomiser' registered
14:44:06: Particle Affector Type 'DeflectorPlane' registered
14:44:06: Plugin successfully installed
14:44:06: Loading library .\Plugin_BSPSceneManager
14:44:06: Installing plugin: BSP Scene Manager
14:44:06: Plugin successfully installed
14:44:06: Loading library .\Plugin_OctreeSceneManager
14:44:06: Installing plugin: Octree & Terrain Scene Manager
14:44:06: Plugin successfully installed
14:44:06: Loading library .\Plugin_CgProgramManager
14:44:06: Installing plugin: Cg Program Manager
14:44:07: Plugin successfully installed
14:44:07: *-*-* OGRE Initialising
14:44:07: *-*-* Version 1.4.9 (Eihort)
14:44:07: Creating resource group Bootstrap
14:44:07: Added resource location '../resources/OgreCore.zip' of type 'Zip' to resource group 'Bootstrap'
14:44:07: Added resource location './media' of type 'FileSystem' to resource group 'General'
14:44:07: Added resource location './media/fonts' of type 'FileSystem' to resource group 'General'
14:44:07: Added resource location './media/materials/programs' of type 'FileSystem' to resource group 'General'
14:44:07: Added resource location './media/materials/scripts' of type 'FileSystem' to resource group 'General'
14:44:07: Added resource location './media/materials/textures' of type 'FileSystem' to resource group 'General'
14:44:07: Added resource location 'C:/OgreSDK/media/models' of type 'FileSystem' to resource group 'General'
14:44:07: Added resource location './media/overlays' of type 'FileSystem' to resource group 'General'
14:44:07: Added resource location './media/gui' of type 'FileSystem' to resource group 'General'
14:44:07: Added resource location './media/DeferredShadingMedia' of type 'FileSystem' to resource group 'General'
14:44:07: Creating resource group GUI
14:44:07: Added resource location 'c:\windows\fonts' of type 'FileSystem' to resource group 'GUI'
14:44:07: D3D9 : RenderSystem Option: Allow NVPerfHUD = No
14:44:07: D3D9 : RenderSystem Option: Anti aliasing = Level 8
14:44:07: D3D9 : RenderSystem Option: Floating-point mode = Fastest
14:44:07: D3D9 : RenderSystem Option: Full Screen = No
14:44:07: D3D9 : RenderSystem Option: Rendering Device = NVIDIA GeForce 8800 GT
14:44:07: D3D9 : RenderSystem Option: VSync = Yes
14:44:07: D3D9 : RenderSystem Option: Video Mode = 1360 x 768 @ 32-bit colour
14:44:07: CPU Identifier & Features
14:44:07: -------------------------
14:44:07:  *   CPU ID: GenuineIntel: Intel(R) Core(TM)2 Duo CPU     E6750  @ 2.66GHz
14:44:07:  *      SSE: yes
14:44:07:  *     SSE2: yes
14:44:07:  *     SSE3: yes
14:44:07:  *      MMX: yes
14:44:07:  *   MMXEXT: yes
14:44:07:  *    3DNOW: no
14:44:07:  * 3DNOWEXT: no
14:44:07:  *     CMOV: yes
14:44:07:  *      TSC: yes
14:44:07:  *      FPU: yes
14:44:07:  *      PRO: yes
14:44:07:  *       HT: no
14:44:07: -------------------------
14:44:07: D3D9 : Subsystem Initialising
14:44:07: D3D9RenderSystem::createRenderWindow "Tutorial Render Window", 1360x768 windowed  miscParams: FSAA=8 FSAAQuality=0 colourDepth=32 useNVPerfHUD=false vsync=true 
14:44:07: D3D9 : Created D3D9 Rendering Window 'Tutorial Render Window' : 1360x768, 32bpp
14:44:07: Registering ResourceManager for type Texture
14:44:07: Registering ResourceManager for type GpuProgram
14:44:07: Multiple render targets with independent bit depths supported
14:44:07: D3D9: Vertex texture format supported - PF_FLOAT16_RGB
14:44:07: D3D9: Vertex texture format supported - PF_FLOAT16_RGBA
14:44:07: D3D9: Vertex texture format supported - PF_FLOAT32_RGB
14:44:07: D3D9: Vertex texture format supported - PF_FLOAT32_RGBA
14:44:07: D3D9: Vertex texture format supported - PF_FLOAT16_R
14:44:07: D3D9: Vertex texture format supported - PF_FLOAT32_R
14:44:07: D3D9: Vertex texture format supported - PF_FLOAT16_GR
14:44:07: D3D9: Vertex texture format supported - PF_FLOAT32_GR
14:44:07: RenderSystem capabilities
14:44:07: -------------------------
14:44:07:  * Hardware generation of mipmaps: yes
14:44:07:  * Texture blending: yes
14:44:07:  * Anisotropic texture filtering: yes
14:44:07:  * Dot product texture operation: yes
14:44:07:  * Cube mapping: yes
14:44:07:  * Hardware stencil buffer: yes
14:44:07:    - Stencil depth: 8
14:44:07:    - Two sided stencil support: yes
14:44:07:    - Wrap stencil values: yes
14:44:07:  * Hardware vertex / index buffers: yes
14:44:07:  * Vertex programs: yes
14:44:07:    - Max vertex program version: vs_3_0
14:44:07:  * Fragment programs: yes
14:44:07:    - Max fragment program version: ps_3_0
14:44:07:  * Texture Compression: yes
14:44:07:    - DXT: yes
14:44:07:    - VTC: no
14:44:07:  * Scissor Rectangle: yes
14:44:07:  * Hardware Occlusion Query: yes
14:44:07:  * User clip planes: yes
14:44:07:  * VET_UBYTE4 vertex element type: yes
14:44:07:  * Infinite far plane projection: yes
14:44:07:  * Hardware render-to-texture: yes
14:44:07:  * Floating point textures: yes
14:44:07:  * Non-power-of-two textures: yes
14:44:07:  * Volume textures: yes
14:44:07:  * Multiple Render Targets: 4
14:44:07:  * Point Sprites: yes
14:44:07:  * Extended point parameters: yes
14:44:07:  * Max Point Size: 8192
14:44:07:  * Vertex texture fetch: yes
14:44:07:    - Max vertex textures: 4
14:44:07:    - Vertex textures shared: no
14:44:07: ***************************************
14:44:07: *** D3D9 : Subsystem Initialised OK ***
14:44:07: ***************************************
14:44:07: ResourceBackgroundQueue - threading disabled
14:44:07: Particle Renderer Type 'billboard' registered
14:44:07: SceneManagerFactory for type 'BspSceneManager' registered.
14:44:07: Registering ResourceManager for type BspLevel
14:44:07: SceneManagerFactory for type 'OctreeSceneManager' registered.
14:44:07: SceneManagerFactory for type 'TerrainSceneManager' registered.
14:44:07: Parsing scripts for resource group Autodetect
14:44:07: Finished parsing scripts for resource group Autodetect
14:44:07: Parsing scripts for resource group Bootstrap
14:44:07: Parsing script OgreCore.material
14:44:07: Parsing script OgreProfiler.material
14:44:07: Parsing script Ogre.fontdef
14:44:07: Parsing script OgreDebugPanel.overlay
14:44:07: Texture: New_Ogre_Border_Center.png: Loading 1 faces(PF_A8R8G8B8,256x128x1) with  hardware generated mipmaps from Image. Internal format is PF_A8R8G8B8,256x128x1.
14:44:07: Texture: New_Ogre_Border.png: Loading 1 faces(PF_A8R8G8B8,256x256x1) with  hardware generated mipmaps from Image. Internal format is PF_A8R8G8B8,256x256x1.
14:44:07: Texture: New_Ogre_Border_Break.png: Loading 1 faces(PF_A8R8G8B8,32x32x1) with  hardware generated mipmaps from Image. Internal format is PF_A8R8G8B8,32x32x1.
14:44:07: Font BlueHighwayusing texture size 512x512
14:44:07: Info: Freetype returned null for character 127 in font BlueHighway
14:44:07: Info: Freetype returned null for character 128 in font BlueHighway
14:44:07: Info: Freetype returned null for character 129 in font BlueHighway
14:44:07: Info: Freetype returned null for character 130 in font BlueHighway
14:44:07: Info: Freetype returned null for character 131 in font BlueHighway
14:44:07: Info: Freetype returned null for character 132 in font BlueHighway
14:44:07: Info: Freetype returned null for character 133 in font BlueHighway
14:44:07: Info: Freetype returned null for character 134 in font BlueHighway
14:44:07: Info: Freetype returned null for character 135 in font BlueHighway
14:44:07: Info: Freetype returned null for character 136 in font BlueHighway
14:44:07: Info: Freetype returned null for character 137 in font BlueHighway
14:44:07: Info: Freetype returned null for character 138 in font BlueHighway
14:44:07: Info: Freetype returned null for character 139 in font BlueHighway
14:44:07: Info: Freetype returned null for character 140 in font BlueHighway
14:44:07: Info: Freetype returned null for character 141 in font BlueHighway
14:44:07: Info: Freetype returned null for character 142 in font BlueHighway
14:44:07: Info: Freetype returned null for character 143 in font BlueHighway
14:44:07: Info: Freetype returned null for character 144 in font BlueHighway
14:44:07: Info: Freetype returned null for character 145 in font BlueHighway
14:44:07: Info: Freetype returned null for character 146 in font BlueHighway
14:44:07: Info: Freetype returned null for character 147 in font BlueHighway
14:44:07: Info: Freetype returned null for character 148 in font BlueHighway
14:44:07: Info: Freetype returned null for character 149 in font BlueHighway
14:44:07: Info: Freetype returned null for character 150 in font BlueHighway
14:44:07: Info: Freetype returned null for character 151 in font BlueHighway
14:44:07: Info: Freetype returned null for character 152 in font BlueHighway
14:44:07: Info: Freetype returned null for character 153 in font BlueHighway
14:44:07: Info: Freetype returned null for character 154 in font BlueHighway
14:44:07: Info: Freetype returned null for character 155 in font BlueHighway
14:44:07: Info: Freetype returned null for character 156 in font BlueHighway
14:44:07: Info: Freetype returned null for character 157 in font BlueHighway
14:44:07: Info: Freetype returned null for character 158 in font BlueHighway
14:44:07: Info: Freetype returned null for character 159 in font BlueHighway
14:44:07: Info: Freetype returned null for character 160 in font BlueHighway
14:44:07: Texture: BlueHighwayTexture: Loading 1 faces(PF_BYTE_LA,512x512x1) with 0 generated mipmaps from Image. Internal format is PF_BYTE_LA,512x512x1.
14:44:07: Texture: ogretext.png: Loading 1 faces(PF_A8R8G8B8,256x128x1) with  hardware generated mipmaps from Image. Internal format is PF_A8R8G8B8,256x128x1.
14:44:07: Parsing script OgreLoadingPanel.overlay
14:44:07: Finished parsing scripts for resource group Bootstrap
14:44:07: Parsing scripts for resource group GUI
14:44:07: Finished parsing scripts for resource group GUI
14:44:07: Parsing scripts for resource group General
14:44:07: Parsing script Examples.program
14:44:07: Parsing script StdQuad_vp.program
14:44:07: Parsing script deferred.glsl.program
14:44:07: Parsing script deferred.hlsl.program
14:44:07: Parsing script deferred_post_debug.glsl.program
14:44:07: Parsing script deferred_post_debug.hlsl.program
14:44:07: Parsing script deferred_post_minilight.glsl.program
14:44:07: Parsing script deferred_post_minilight.hlsl.program
14:44:07: OGRE EXCEPTION(2:InvalidParametersException): Parameter called lightSpecularColor does not exist.  in GpuProgramParameters::_findNamedConstantDefinition at ..\src\OgreGpuProgram.cpp (line 883)
14:44:07: Error at line 29 of deferred_post_minilight.hlsl.program: Invalid param_named_auto attribute - Parameter called lightSpecularColor does not exist. 
14:44:07: Parsing script deferred_post_multipass.glsl.program
14:44:07: Parsing script deferred_post_multipass.hlsl.program
14:44:07: Parsing script deferred_post_onepass.glsl.program
14:44:07: Parsing script deferred_post_onepass.hlsl.program
14:44:07: Parsing script ExampleTex.material
14:44:07: Parsing script ModTex.material
14:44:07: Parsing script BlackAndWhite.material
14:44:07: Parsing script Bloom.material
14:44:07: Parsing script colors.material
14:44:07: Parsing script DepthShadowmap.material
14:44:07: Parsing script DOF.material
14:44:07: Parsing script Embossed.material
14:44:07: Parsing script Example-DynTex.material
14:44:07: Parsing script Example-Water.material
14:44:07: Parsing script Example.material
14:44:07: Parsing script Examples-Advanced.material
14:44:08: Parsing script facial.material
14:44:08: Parsing script Glass.material
14:44:08: Parsing script hdr.material
14:44:08: Parsing script HeatVision.material
14:44:08: Parsing script Hurt.material
14:44:08: Parsing script instancing.material
14:44:08: Parsing script Invert.material
14:44:08: Parsing script Laplace.material
14:44:08: Parsing script MotionBlur.material
14:44:08: Parsing script Ocean.material
14:44:08: Parsing script OffsetMapping.material
14:44:08: Parsing script Ogre.material
14:44:08: Parsing script OldMovie.material
14:44:08: Parsing script OldTV.material
14:44:08: Parsing script Posterize.material
14:44:08: Parsing script RZR-002.material
14:44:08: Parsing script SharpenEdges.material
14:44:08: Parsing script smoke.material
14:44:08: Parsing script Tiling.material
14:44:08: Parsing script VarianceShadowmap.material
14:44:08: Parsing script deferred.material
14:44:08: Parsing script deferreddemo.material
14:44:08: Parsing script deferred_post_debug.material
14:44:08: Parsing script deferred_post_minilight.material
14:44:08: Parsing script deferred_post_multipass.material
14:44:08: Parsing script deferred_post_onepass.material
14:44:08: Parsing script Examples.compositor
14:44:08: Parsing script Arial.fontdef
14:44:08: Parsing script sample.fontdef
14:44:08: Parsing script Compositor.overlay
14:44:08: Parsing script DP3.overlay
14:44:08: Parsing script Example-CubeMapping.overlay
14:44:08: Parsing script Example-DynTex.overlay
14:44:08: Parsing script Example-Water.overlay
14:44:08: Parsing script Shadows.overlay
14:44:08: Finished parsing scripts for resource group General
14:44:08: Parsing scripts for resource group Internal
14:44:08: Finished parsing scripts for resource group Internal
14:44:08: Creating viewport on target 'Tutorial Render Window', rendering from camera 'Camera', relative dimensions L: 0.00 T: 0.00 W: 1.00 H: 1.00 ZOrder: 0
14:44:08: Texture: rockwall.tga: Loading 1 faces(PF_R8G8B8,256x256x1) with  hardware generated mipmaps from Image. Internal format is PF_X8R8G8B8,256x256x1.
14:44:08: Font Arialusing texture size 512x256
14:44:08: Info: Freetype returned null for character 160 in font Arial
14:44:08: Texture: ArialTexture: Loading 1 faces(PF_BYTE_LA,512x256x1) with 0 generated mipmaps from Image. Internal format is PF_BYTE_LA,512x256x1.
14:44:08: OGRE EXCEPTION(5:ItemIdentityException): Unable to derive resource group for Tikaman.mesh automatically since the resource was not found. in ResourceGroupManager::findGroupContainingResource at ..\src\OgreResourceGroupManager.cpp (line 1368)
