18:57:58: Creating resource group General
18:57:58: Creating resource group Internal
18:57:58: Creating resource group Autodetect
18:57:58: Registering ResourceManager for type Mesh
18:57:58: Registering ResourceManager for type Material
18:57:58: Registering ResourceManager for type Skeleton
18:57:58: XMLMeshSerializer reading mesh data from C:\OgreSDK\media\models\Tikaman.mesh.xml...
18:57:58: Reading submeshes...
18:57:58: Reading geometry...
18:57:58: Geometry done...
18:57:58: Reading bone assignments...
18:57:58: Bone assignments done.
18:57:58: Reading geometry...
18:57:58: Geometry done...
18:57:58: Reading bone assignments...
18:57:58: Bone assignments done.
18:57:58: Submeshes done.
18:57:58: Skeleton: Loading Tika.skeleton
18:57:58: OGRE EXCEPTION(6:FileNotFoundException): Cannot locate resource Tika.skeleton in resource group General or any other group. in ResourceGroupManager::openResource at ..\src\OgreResourceGroupManager.cpp (line 753)
18:57:58: Unable to load skeleton Tika.skeleton for Mesh conversion. This Mesh will not be animated. You can ignore this message if you are using an offline tool.
18:57:58: XMLMeshSerializer import successful.
18:57:58: Reorganising vertex buffers to automatic layout..
18:57:58: MeshSerializer writing mesh data to C:\OgreSDK\media\models\Tikaman.mesh...
18:57:58: File header written.
18:57:58: Writing mesh data...
18:57:58: Writing submesh...
18:57:58: Exporting submesh texture aliases...
18:57:58: Submesh texture aliases exported.
18:57:58: Exporting dedicated geometry bone assignments...
18:57:58: Dedicated geometry bone assignments exported.
18:57:58: Submesh exported.
18:57:58: Writing submesh...
18:57:58: Exporting submesh texture aliases...
18:57:58: Submesh texture aliases exported.
18:57:58: Exporting dedicated geometry bone assignments...
18:57:58: Dedicated geometry bone assignments exported.
18:57:58: Submesh exported.
18:57:58: Exporting skeleton link...
18:57:58: Skeleton link exported.
18:57:58: Exporting bounds information....
18:57:58: Bounds information exported.
18:57:58: Exporting submesh name table...
18:57:58: Submesh name table exported.
18:57:58: Exporting edge lists...
18:57:58: Edge lists exported
18:57:58: Mesh data exported.
18:57:58: MeshSerializer export successful.
18:57:58: Unregistering ResourceManager for type Skeleton
18:57:58: Unregistering ResourceManager for type Material
18:57:58: Unregistering ResourceManager for type Mesh
