21:07:33: Creating resource group General
21:07:33: Creating resource group Internal
21:07:33: Creating resource group Autodetect
21:07:33: SceneManagerFactory for type 'DefaultSceneManager' registered.
21:07:33: Registering ResourceManager for type Material
21:07:33: Registering ResourceManager for type Mesh
21:07:33: Registering ResourceManager for type Skeleton
21:07:33: MovableObjectFactory for type 'ParticleSystem' registered.
21:07:33: OverlayElementFactory for type Panel registered.
21:07:33: OverlayElementFactory for type BorderPanel registered.
21:07:33: OverlayElementFactory for type TextArea registered.
21:07:33: Registering ResourceManager for type Font
21:07:33: ArchiveFactory for archive type FileSystem registered.
21:07:33: ArchiveFactory for archive type Zip registered.
21:07:33: FreeImage version: 3.10.0
21:07:33: This program uses FreeImage, a free, open source image library supporting all common bitmap formats. See http://freeimage.sourceforge.net for details
21:07:33: Supported formats: bmp,ico,jpg,jif,jpeg,jpe,jng,koa,iff,lbm,mng,pbm,pbm,pcd,pcx,pgm,pgm,png,ppm,ppm,ras,tga,targa,tif,tiff,wap,wbmp,wbm,psd,cut,xbm,xpm,gif,hdr,g3,sgi,exr,j2k,j2c,jp2
21:07:33: DDS codec registering
21:07:33: Registering ResourceManager for type HighLevelGpuProgram
21:07:33: Registering ResourceManager for type Compositor
21:07:33: MovableObjectFactory for type 'Entity' registered.
21:07:33: MovableObjectFactory for type 'Light' registered.
21:07:33: MovableObjectFactory for type 'BillboardSet' registered.
21:07:33: MovableObjectFactory for type 'ManualObject' registered.
21:07:33: MovableObjectFactory for type 'BillboardChain' registered.
21:07:33: MovableObjectFactory for type 'RibbonTrail' registered.
21:07:33: Loading library .\RenderSystem_Direct3D9
21:07:33: Installing plugin: D3D9 RenderSystem
21:07:33: D3D9 : Direct3D9 Rendering Subsystem created.
21:07:33: D3D9: Driver Detection Starts
21:07:33: D3D9: Driver Detection Ends
21:07:33: Plugin successfully installed
21:07:33: *-*-* OGRE Initialising
21:07:33: *-*-* Version 1.6.5 (Shoggoth)
21:07:33: Creating resource group Bootstrap
21:07:33: Added resource location '../resources/OgreCore.zip' of type 'Zip' to resource group 'Bootstrap'
21:07:33: Added resource location './media' of type 'FileSystem' to resource group 'General'
21:07:33: Added resource location './media/fonts' of type 'FileSystem' to resource group 'General'
21:07:33: Added resource location './media/materials/programs' of type 'FileSystem' to resource group 'General'
21:07:33: Added resource location './media/materials/scripts' of type 'FileSystem' to resource group 'General'
21:07:33: Added resource location './media/materials/textures' of type 'FileSystem' to resource group 'General'
21:07:33: Added resource location './media/models' of type 'FileSystem' to resource group 'General'
21:07:33: Added resource location './media/overlays' of type 'FileSystem' to resource group 'General'
21:07:33: Added resource location './media/gui' of type 'FileSystem' to resource group 'General'
21:07:33: Added resource location './media/DeferredShadingMedia' of type 'FileSystem' to resource group 'General'
21:07:33: Creating resource group GUI
21:07:33: Added resource location 'c:\windows\fonts' of type 'FileSystem' to resource group 'GUI'
21:07:33: D3D9 : RenderSystem Option: Allow NVPerfHUD = No
21:07:33: D3D9 : RenderSystem Option: Anti aliasing = Level 4
21:07:33: D3D9 : RenderSystem Option: Floating-point mode = Fastest
21:07:33: D3D9 : RenderSystem Option: Full Screen = No
21:07:33: D3D9 : RenderSystem Option: Rendering Device = NVIDIA GeForce 8800 GT
21:07:33: D3D9 : RenderSystem Option: VSync = Yes
21:07:33: D3D9 : RenderSystem Option: Video Mode = 1024 x 768 @ 32-bit colour
21:07:33: CPU Identifier & Features
21:07:33: -------------------------
21:07:33:  *   CPU ID: GenuineIntel: Intel(R) Core(TM)2 Duo CPU     E6750  @ 2.66GHz
21:07:33:  *      SSE: yes
21:07:33:  *     SSE2: yes
21:07:33:  *     SSE3: yes
21:07:33:  *      MMX: yes
21:07:33:  *   MMXEXT: yes
21:07:33:  *    3DNOW: no
21:07:33:  * 3DNOWEXT: no
21:07:33:  *     CMOV: yes
21:07:33:  *      TSC: yes
21:07:33:  *      FPU: yes
21:07:33:  *      PRO: yes
21:07:33:  *       HT: no
21:07:33: -------------------------
21:07:33: D3D9 : Subsystem Initialising
21:07:33: D3D9RenderSystem::_createRenderWindow "Tutorial Render Window", 1024x768 windowed  miscParams: FSAA=4 FSAAQuality=0 colourDepth=32 gamma=false useNVPerfHUD=false vsync=true 
21:07:33: D3D9 : Created D3D9 Rendering Window 'Tutorial Render Window' : 1024x768, 32bpp
21:07:33: Registering ResourceManager for type Texture
21:07:33: Registering ResourceManager for type GpuProgram
21:07:33: D3D9: Vertex texture format supported - PF_FLOAT16_RGB
21:07:33: D3D9: Vertex texture format supported - PF_FLOAT16_RGBA
21:07:33: D3D9: Vertex texture format supported - PF_FLOAT32_RGB
21:07:33: D3D9: Vertex texture format supported - PF_FLOAT32_RGBA
21:07:33: D3D9: Vertex texture format supported - PF_FLOAT16_R
21:07:33: D3D9: Vertex texture format supported - PF_FLOAT32_R
21:07:33: D3D9: Vertex texture format supported - PF_FLOAT16_GR
21:07:33: D3D9: Vertex texture format supported - PF_FLOAT32_GR
21:07:33: RenderSystem capabilities
21:07:33: -------------------------
21:07:33: RenderSystem Name: Direct3D9 Rendering Subsystem
21:07:33: GPU Vendor: nvidia
21:07:33: Device Name: NVIDIA GeForce 8800 GT
21:07:33: Driver Version: 8.17.12.6658
21:07:33:  * Fixed function pipeline: yes
21:07:33:  * Hardware generation of mipmaps: yes
21:07:33:  * Texture blending: yes
21:07:33:  * Anisotropic texture filtering: yes
21:07:33:  * Dot product texture operation: yes
21:07:33:  * Cube mapping: yes
21:07:33:  * Hardware stencil buffer: yes
21:07:33:    - Stencil depth: 8
21:07:33:    - Two sided stencil support: yes
21:07:33:    - Wrap stencil values: yes
21:07:33:  * Hardware vertex / index buffers: yes
21:07:33:  * Vertex programs: yes
21:07:33:  * Fragment programs: yes
21:07:33:  * Geometry programs: no
21:07:33:  * Supported Shader Profiles: hlsl ps_1_1 ps_1_2 ps_1_3 ps_1_4 ps_2_0 ps_2_a ps_2_b ps_2_x ps_3_0 vs_1_1 vs_2_0 vs_2_a vs_2_x vs_3_0
21:07:33:  * Texture Compression: yes
21:07:33:    - DXT: yes
21:07:33:    - VTC: no
21:07:33:  * Scissor Rectangle: yes
21:07:33:  * Hardware Occlusion Query: yes
21:07:33:  * User clip planes: yes
21:07:33:  * VET_UBYTE4 vertex element type: yes
21:07:33:  * Infinite far plane projection: yes
21:07:33:  * Hardware render-to-texture: yes
21:07:33:  * Floating point textures: yes
21:07:33:  * Non-power-of-two textures: yes
21:07:33:  * Volume textures: yes
21:07:33:  * Multiple Render Targets: 4
21:07:33:    - With different bit depths: yes
21:07:33:  * Point Sprites: yes
21:07:33:  * Extended point parameters: yes
21:07:33:  * Max Point Size: 8192
21:07:33:  * Vertex texture fetch: yes
21:07:33:    - Max vertex textures: 4
21:07:33:    - Vertex textures shared: no
21:07:33:  * Render to Vertex Buffer : no
21:07:33:  * DirectX per stage constants: yes
21:07:33: ***************************************
21:07:33: *** D3D9 : Subsystem Initialised OK ***
21:07:33: ***************************************
21:07:33: ResourceBackgroundQueue - threading disabled
21:07:33: Particle Renderer Type 'billboard' registered
21:07:33: Parsing scripts for resource group Autodetect
21:07:33: Finished parsing scripts for resource group Autodetect
21:07:33: Parsing scripts for resource group Bootstrap
21:07:33: Parsing script OgreCore.material
21:07:33: Parsing script OgreProfiler.material
21:07:33: Parsing script Ogre.fontdef
21:07:33: Parsing script OgreDebugPanel.overlay
21:07:33: Texture: New_Ogre_Border_Center.png: Loading 1 faces(PF_A8R8G8B8,256x128x1) with  hardware generated mipmaps from Image. Internal format is PF_A8R8G8B8,256x128x1.
21:07:33: Texture: New_Ogre_Border.png: Loading 1 faces(PF_A8R8G8B8,256x256x1) with  hardware generated mipmaps from Image. Internal format is PF_A8R8G8B8,256x256x1.
21:07:33: Texture: New_Ogre_Border_Break.png: Loading 1 faces(PF_A8R8G8B8,32x32x1) with  hardware generated mipmaps from Image. Internal format is PF_A8R8G8B8,32x32x1.
21:07:33: Font BlueHighwayusing texture size 512x512
21:07:33: Info: Freetype returned null for character 127 in font BlueHighway
21:07:33: Info: Freetype returned null for character 128 in font BlueHighway
21:07:33: Info: Freetype returned null for character 129 in font BlueHighway
21:07:33: Info: Freetype returned null for character 130 in font BlueHighway
21:07:33: Info: Freetype returned null for character 131 in font BlueHighway
21:07:33: Info: Freetype returned null for character 132 in font BlueHighway
21:07:33: Info: Freetype returned null for character 133 in font BlueHighway
21:07:33: Info: Freetype returned null for character 134 in font BlueHighway
21:07:33: Info: Freetype returned null for character 135 in font BlueHighway
21:07:33: Info: Freetype returned null for character 136 in font BlueHighway
21:07:33: Info: Freetype returned null for character 137 in font BlueHighway
21:07:33: Info: Freetype returned null for character 138 in font BlueHighway
21:07:33: Info: Freetype returned null for character 139 in font BlueHighway
21:07:33: Info: Freetype returned null for character 140 in font BlueHighway
21:07:33: Info: Freetype returned null for character 141 in font BlueHighway
21:07:33: Info: Freetype returned null for character 142 in font BlueHighway
21:07:33: Info: Freetype returned null for character 143 in font BlueHighway
21:07:33: Info: Freetype returned null for character 144 in font BlueHighway
21:07:33: Info: Freetype returned null for character 145 in font BlueHighway
21:07:33: Info: Freetype returned null for character 146 in font BlueHighway
21:07:33: Info: Freetype returned null for character 147 in font BlueHighway
21:07:33: Info: Freetype returned null for character 148 in font BlueHighway
21:07:33: Info: Freetype returned null for character 149 in font BlueHighway
21:07:33: Info: Freetype returned null for character 150 in font BlueHighway
21:07:33: Info: Freetype returned null for character 151 in font BlueHighway
21:07:33: Info: Freetype returned null for character 152 in font BlueHighway
21:07:33: Info: Freetype returned null for character 153 in font BlueHighway
21:07:33: Info: Freetype returned null for character 154 in font BlueHighway
21:07:33: Info: Freetype returned null for character 155 in font BlueHighway
21:07:33: Info: Freetype returned null for character 156 in font BlueHighway
21:07:33: Info: Freetype returned null for character 157 in font BlueHighway
21:07:33: Info: Freetype returned null for character 158 in font BlueHighway
21:07:33: Info: Freetype returned null for character 159 in font BlueHighway
21:07:33: Info: Freetype returned null for character 160 in font BlueHighway
21:07:33: Texture: BlueHighwayTexture: Loading 1 faces(PF_BYTE_LA,512x512x1) with 0 generated mipmaps from Image. Internal format is PF_BYTE_LA,512x512x1.
21:07:33: Texture: ogretext.png: Loading 1 faces(PF_A8R8G8B8,256x128x1) with  hardware generated mipmaps from Image. Internal format is PF_A8R8G8B8,256x128x1.
21:07:33: Parsing script OgreLoadingPanel.overlay
21:07:33: Finished parsing scripts for resource group Bootstrap
21:07:33: Parsing scripts for resource group GUI
21:07:33: Finished parsing scripts for resource group GUI
21:07:33: Parsing scripts for resource group General
21:07:33: Parsing script Examples.program
21:07:33: Parsing script StdQuad_vp.program
21:07:33: Parsing script deferred.glsl.program
21:07:33: Parsing script deferred.hlsl.program
21:07:33: Parsing script deferred_post_debug.glsl.program
21:07:33: Parsing script deferred_post_debug.hlsl.program
21:07:33: Parsing script deferred_post_minilight.glsl.program
21:07:33: Parsing script deferred_post_minilight.hlsl.program
21:07:33: OGRE EXCEPTION(2:InvalidParametersException): Parameter called lightSpecularColor does not exist.  in GpuProgramParameters::_findNamedConstantDefinition at ..\src\OgreGpuProgram.cpp (line 1097)
21:07:33: Compiler error: invalid parameters in deferred_post_minilight.hlsl.program(26): setting of constant failed
21:07:33: Parsing script deferred_post_multipass.glsl.program
21:07:33: Parsing script deferred_post_multipass.hlsl.program
21:07:33: Parsing script deferred_post_onepass.glsl.program
21:07:33: Parsing script deferred_post_onepass.hlsl.program
21:07:34: Parsing script ExampleTex.material
21:07:34: Parsing script ModTex.material
21:07:34: Parsing script BlackAndWhite.material
21:07:34: Parsing script Bloom.material
21:07:34: Parsing script colors.material
21:07:34: Parsing script DepthShadowmap.material
21:07:34: Parsing script DOF.material
21:07:34: Compiler error: object name expected in DOF.material(55)
21:07:34: Parsing script Embossed.material
21:07:34: Parsing script Example-DynTex.material
21:07:34: Parsing script Example-Water.material
21:07:34: Parsing script Example.material
21:07:34: Parsing script Examples-Advanced.material
21:07:34: Parsing script facial.material
21:07:34: Parsing script Glass.material
21:07:34: Parsing script hdr.material
21:07:34: Parsing script HeatVision.material
21:07:34: Parsing script Hurt.material
21:07:34: Parsing script instancing.material
21:07:34: Parsing script Invert.material
21:07:34: Parsing script Laplace.material
21:07:34: Parsing script MotionBlur.material
21:07:34: Parsing script Ocean.material
21:07:34: Parsing script OffsetMapping.material
21:07:34: Parsing script Ogre.material
21:07:34: Parsing script OldMovie.material
21:07:34: Parsing script OldTV.material
21:07:34: Parsing script Posterize.material
21:07:34: Parsing script RZR-002.material
21:07:34: Parsing script SharpenEdges.material
21:07:34: Parsing script smoke.material
21:07:34: Parsing script Tiling.material
21:07:34: Parsing script VarianceShadowmap.material
21:07:34: Parsing script Scene.material
21:07:34: Parsing script deferred.material
21:07:34: Parsing script deferreddemo.material
21:07:34: Compiler error: unknown error in deferreddemo.material(22): base object named "DeferredShading/Material/TexturedPhong" not found in script definition
21:07:34: Compiler error: unknown error in deferreddemo.material(47): base object named "DeferredShading/Material/TexturedNormalMapped" not found in script definition
21:07:34: Compiler error: unknown error in deferreddemo.material(81): base object named "DeferredShading/Material/UntexturedNormalMapped" not found in script definition
21:07:34: Compiler error: unknown error in deferreddemo.material(114): base object named "DeferredShading/Material/TexturedPhong" not found in script definition
21:07:34: Compiler error: unknown error in deferreddemo.material(141): base object named "DeferredShading/Material/UntexturedPhong" not found in script definition
21:07:34: Compiler error: unknown error in deferreddemo.material(166): base object named "DeferredShading/Material/TexturedPhong" not found in script definition
21:07:34: Compiler error: unknown error in deferreddemo.material(197): base object named "DeferredShading/Material/TexturedPhong" not found in script definition
21:07:34: Compiler error: object name expected in deferreddemo.material(91)
21:07:34: Compiler error: object name expected in deferreddemo.material(105)
21:07:34: Compiler error: object name expected in deferreddemo.material(147)
21:07:34: Compiler error: object name expected in deferreddemo.material(158)
21:07:34: Compiler error: object name expected in deferreddemo.material(172)
21:07:34: Compiler error: object name expected in deferreddemo.material(186)
21:07:34: Compiler error: object name expected in deferreddemo.material(203)
21:07:34: Compiler error: object name expected in deferreddemo.material(217)
21:07:34: Parsing script deferred_post_debug.material
21:07:34: Parsing script deferred_post_minilight.material
21:07:34: Parsing script deferred_post_multipass.material
21:07:34: Parsing script deferred_post_onepass.material
21:07:34: Parsing script Examples.compositor
21:07:34: Parsing script Arial.fontdef
21:07:34: Parsing script sample.fontdef
21:07:34: Parsing script Compositor.overlay
21:07:34: Parsing script DP3.overlay
21:07:34: Parsing script Example-CubeMapping.overlay
21:07:34: Parsing script Example-DynTex.overlay
21:07:34: Parsing script Example-Water.overlay
21:07:34: Parsing script Shadows.overlay
21:07:34: Finished parsing scripts for resource group General
21:07:34: Parsing scripts for resource group Internal
21:07:34: Finished parsing scripts for resource group Internal
21:07:34: Texture: rockwall.tga: Loading 1 faces(PF_R8G8B8,256x256x1) with  hardware generated mipmaps from Image. Internal format is PF_X8R8G8B8,256x256x1.
21:07:34: Font Arialusing texture size 512x256
21:07:34: Info: Freetype returned null for character 160 in font Arial
21:07:34: Texture: ArialTexture: Loading 1 faces(PF_BYTE_LA,512x256x1) with 0 generated mipmaps from Image. Internal format is PF_BYTE_LA,512x256x1.
21:07:36: Mesh: Loading Tikaman.mesh.
21:07:36: Skeleton: Loading Tika.skeleton
21:07:36: WARNING: the mesh 'Tikaman.mesh' includes vertices with more than 4 bone assignments. The lowest weighted assignments beyond this limit have been removed, so your animation may look slightly different. To eliminate this, reduce the number of bone assignments per vertex on your mesh to 4.
21:07:36: Texture: spot_shadow_fade.png: Loading 1 faces(PF_R8G8B8,128x128x1) with  hardware generated mipmaps from Image. Internal format is PF_X8R8G8B8,128x128x1.
21:08:32: *-*-* OGRE Shutdown
21:08:32: Unregistering ResourceManager for type Compositor
21:08:32: Unregistering ResourceManager for type Font
21:08:32: Unregistering ResourceManager for type Skeleton
21:08:32: Unregistering ResourceManager for type Mesh
21:08:32: Unregistering ResourceManager for type HighLevelGpuProgram
21:08:32: Uninstalling plugin: D3D9 RenderSystem
21:08:32: D3D9 : Shutting down cleanly.
21:08:32: Unregistering ResourceManager for type Texture
21:08:32: Unregistering ResourceManager for type GpuProgram
21:08:32: D3D9 : Direct3D9 Rendering Subsystem destroyed.
21:08:32: Plugin successfully uninstalled
21:08:32: Unloading library .\RenderSystem_Direct3D9
21:08:32: Unregistering ResourceManager for type Material
